app/build/intermediates/manifest_merge_blame_file/debug/processDebugMainManifest/manifest-merger-blame-debug-report.txt
1<?xml version="1.0" encoding="utf-8"?>
2<manifest xmlns:android="http://schemas.android.com/apk/res/android"
3    package="com.haiku.vpn"
4    android:versionCode="1"
5    android:versionName="1.0.0" >
6
7    <uses-sdk
8        android:minSdkVersion="26"
9        android:targetSdkVersion="34" />
10
11    <!-- Permissions required for VPN service and general features -->
12    <uses-permission android:name="android.permission.INTERNET" />
12-->src\main\AndroidManifest.xml:6:5-67
12-->src\main\AndroidManifest.xml:6:22-64
13    <uses-permission android:name="android.permission.ACCESS_NETWORK_STATE" />
13-->src\main\AndroidManifest.xml:7:5-79
13-->src\main\AndroidManifest.xml:7:22-76
14    <uses-permission android:name="android.permission.FOREGROUND_SERVICE" />
14-->src\main\AndroidManifest.xml:8:5-77
14-->src\main\AndroidManifest.xml:8:22-74
15    <uses-permission android:name="android.permission.FOREGROUND_SERVICE_SPECIAL_USE" />
15-->src\main\AndroidManifest.xml:9:5-89
15-->src\main\AndroidManifest.xml:9:22-86
16    <uses-permission android:name="android.permission.CAMERA" />
16-->src\main\AndroidManifest.xml:10:5-65
16-->src\main\AndroidManifest.xml:10:22-62
17
18    <!-- Declare Camera support -->
19    <uses-feature
19-->src\main\AndroidManifest.xml:13:5-85
20        android:name="android.hardware.camera"
20-->src\main\AndroidManifest.xml:13:19-57
21        android:required="false" />
21-->src\main\AndroidManifest.xml:13:58-82
22
23    <permission
23-->[androidx.core:core:1.12.0] AndroidManifest.xml:22:5-24:47
24        android:name="com.haiku.vpn.DYNAMIC_RECEIVER_NOT_EXPORTED_PERMISSION"
24-->[androidx.core:core:1.12.0] AndroidManifest.xml:23:9-81
25        android:protectionLevel="signature" />
25-->[androidx.core:core:1.12.0] AndroidManifest.xml:24:9-44
26
27    <uses-permission android:name="com.haiku.vpn.DYNAMIC_RECEIVER_NOT_EXPORTED_PERMISSION" />
27-->[androidx.core:core:1.12.0] AndroidManifest.xml:26:5-97
27-->[androidx.core:core:1.12.0] AndroidManifest.xml:26:22-94
28
29    <application
29-->src\main\AndroidManifest.xml:15:5-47:19
30        android:allowBackup="false"
30-->src\main\AndroidManifest.xml:16:9-36
31        android:appComponentFactory="androidx.core.app.CoreComponentFactory"
31-->[androidx.core:core:1.12.0] AndroidManifest.xml:28:18-86
32        android:debuggable="true"
33        android:extractNativeLibs="false"
34        android:icon="@drawable/ic_haiku_logo"
34-->src\main\AndroidManifest.xml:17:9-47
35        android:label="@string/app_name"
35-->src\main\AndroidManifest.xml:18:9-41
36        android:supportsRtl="true"
36-->src\main\AndroidManifest.xml:19:9-35
37        android:theme="@android:style/Theme.Material.Light.NoActionBar" >
37-->src\main\AndroidManifest.xml:20:9-72
38        <activity
38-->src\main\AndroidManifest.xml:23:9-32:20
39            android:name="com.haiku.vpn.MainActivity"
39-->src\main\AndroidManifest.xml:24:13-41
40            android:exported="true"
40-->src\main\AndroidManifest.xml:25:13-36
41            android:theme="@android:style/Theme.Material.Light.NoActionBar"
41-->src\main\AndroidManifest.xml:26:13-76
42            android:windowSoftInputMode="adjustResize" >
42-->src\main\AndroidManifest.xml:27:13-55
43            <intent-filter>
43-->src\main\AndroidManifest.xml:28:13-31:29
44                <action android:name="android.intent.action.MAIN" />
44-->src\main\AndroidManifest.xml:29:17-69
44-->src\main\AndroidManifest.xml:29:25-66
45
46                <category android:name="android.intent.category.LAUNCHER" />
46-->src\main\AndroidManifest.xml:30:17-77
46-->src\main\AndroidManifest.xml:30:27-74
47            </intent-filter>
48        </activity>
49
50        <!-- The VPN Service declaration -->
51        <service
51-->src\main\AndroidManifest.xml:35:9-45:19
52            android:name="com.haiku.vpn.core.HaikuVpnService"
52-->src\main\AndroidManifest.xml:36:13-49
53            android:exported="false"
53-->src\main\AndroidManifest.xml:39:13-37
54            android:foregroundServiceType="specialUse"
54-->src\main\AndroidManifest.xml:38:13-55
55            android:permission="android.permission.BIND_VPN_SERVICE" >
55-->src\main\AndroidManifest.xml:37:13-69
56            <intent-filter>
56-->src\main\AndroidManifest.xml:40:13-42:29
57                <action android:name="android.net.VpnService" />
57-->src\main\AndroidManifest.xml:41:17-65
57-->src\main\AndroidManifest.xml:41:25-62
58            </intent-filter>
59
60            <property
60-->src\main\AndroidManifest.xml:43:13-44:115
61                android:name="android.app.PROPERTY_SPECIAL_USE_FGS_SUBTYPE"
61-->src\main\AndroidManifest.xml:43:23-82
62                android:value="VPN service to route anti-censorship configurations securely via sing-box core." />
62-->src\main\AndroidManifest.xml:44:17-112
63        </service>
64        <service
64-->[androidx.camera:camera-camera2:1.4.0] AndroidManifest.xml:24:9-33:19
65            android:name="androidx.camera.core.impl.MetadataHolderService"
65-->[androidx.camera:camera-camera2:1.4.0] AndroidManifest.xml:25:13-75
66            android:enabled="false"
66-->[androidx.camera:camera-camera2:1.4.0] AndroidManifest.xml:26:13-36
67            android:exported="false" >
67-->[androidx.camera:camera-camera2:1.4.0] AndroidManifest.xml:27:13-37
68            <meta-data
68-->[androidx.camera:camera-camera2:1.4.0] AndroidManifest.xml:30:13-32:89
69                android:name="androidx.camera.core.impl.MetadataHolderService.DEFAULT_CONFIG_PROVIDER"
69-->[androidx.camera:camera-camera2:1.4.0] AndroidManifest.xml:31:17-103
70                android:value="androidx.camera.camera2.Camera2Config$DefaultProvider" />
70-->[androidx.camera:camera-camera2:1.4.0] AndroidManifest.xml:32:17-86
71        </service>
72        <service
72-->[com.google.android.gms:play-services-mlkit-barcode-scanning:18.3.1] AndroidManifest.xml:9:9-15:19
73            android:name="com.google.mlkit.common.internal.MlKitComponentDiscoveryService"
73-->[com.google.android.gms:play-services-mlkit-barcode-scanning:18.3.1] AndroidManifest.xml:10:13-91
74            android:directBootAware="true"
74-->[com.google.mlkit:common:18.11.0] AndroidManifest.xml:17:13-43
75            android:exported="false" >
75-->[com.google.android.gms:play-services-mlkit-barcode-scanning:18.3.1] AndroidManifest.xml:11:13-37
76            <meta-data
76-->[com.google.android.gms:play-services-mlkit-barcode-scanning:18.3.1] AndroidManifest.xml:12:13-14:85
77                android:name="com.google.firebase.components:com.google.mlkit.vision.barcode.internal.BarcodeRegistrar"
77-->[com.google.android.gms:play-services-mlkit-barcode-scanning:18.3.1] AndroidManifest.xml:13:17-120
78                android:value="com.google.firebase.components.ComponentRegistrar" />
78-->[com.google.android.gms:play-services-mlkit-barcode-scanning:18.3.1] AndroidManifest.xml:14:17-82
79            <meta-data
79-->[com.google.mlkit:vision-common:17.3.0] AndroidManifest.xml:12:13-14:85
80                android:name="com.google.firebase.components:com.google.mlkit.vision.common.internal.VisionCommonRegistrar"
80-->[com.google.mlkit:vision-common:17.3.0] AndroidManifest.xml:13:17-124
81                android:value="com.google.firebase.components.ComponentRegistrar" />
81-->[com.google.mlkit:vision-common:17.3.0] AndroidManifest.xml:14:17-82
82            <meta-data
82-->[com.google.mlkit:common:18.11.0] AndroidManifest.xml:20:13-22:85
83                android:name="com.google.firebase.components:com.google.mlkit.common.internal.CommonComponentRegistrar"
83-->[com.google.mlkit:common:18.11.0] AndroidManifest.xml:21:17-120
84                android:value="com.google.firebase.components.ComponentRegistrar" />
84-->[com.google.mlkit:common:18.11.0] AndroidManifest.xml:22:17-82
85        </service>
86
87        <provider
87-->[com.google.mlkit:common:18.11.0] AndroidManifest.xml:9:9-13:38
88            android:name="com.google.mlkit.common.internal.MlKitInitProvider"
88-->[com.google.mlkit:common:18.11.0] AndroidManifest.xml:10:13-78
89            android:authorities="com.haiku.vpn.mlkitinitprovider"
89-->[com.google.mlkit:common:18.11.0] AndroidManifest.xml:11:13-69
90            android:exported="false"
90-->[com.google.mlkit:common:18.11.0] AndroidManifest.xml:12:13-37
91            android:initOrder="99" />
91-->[com.google.mlkit:common:18.11.0] AndroidManifest.xml:13:13-35
92
93        <activity
93-->[com.google.android.gms:play-services-base:18.5.0] AndroidManifest.xml:5:9-173
94            android:name="com.google.android.gms.common.api.GoogleApiActivity"
94-->[com.google.android.gms:play-services-base:18.5.0] AndroidManifest.xml:5:19-85
95            android:exported="false"
95-->[com.google.android.gms:play-services-base:18.5.0] AndroidManifest.xml:5:146-170
96            android:theme="@android:style/Theme.Translucent.NoTitleBar" />
96-->[com.google.android.gms:play-services-base:18.5.0] AndroidManifest.xml:5:86-145
97
98        <meta-data
98-->[com.google.android.gms:play-services-basement:18.4.0] AndroidManifest.xml:6:9-122
99            android:name="com.google.android.gms.version"
99-->[com.google.android.gms:play-services-basement:18.4.0] AndroidManifest.xml:6:20-65
100            android:value="@integer/google_play_services_version" />
100-->[com.google.android.gms:play-services-basement:18.4.0] AndroidManifest.xml:6:66-119
101
102        <activity
102-->[androidx.compose.ui:ui-tooling-android:1.6.3] AndroidManifest.xml:23:9-25:39
103            android:name="androidx.compose.ui.tooling.PreviewActivity"
103-->[androidx.compose.ui:ui-tooling-android:1.6.3] AndroidManifest.xml:24:13-71
104            android:exported="true" />
104-->[androidx.compose.ui:ui-tooling-android:1.6.3] AndroidManifest.xml:25:13-36
105
106        <provider
106-->[androidx.emoji2:emoji2:1.3.0] AndroidManifest.xml:24:9-32:20
107            android:name="androidx.startup.InitializationProvider"
107-->[androidx.emoji2:emoji2:1.3.0] AndroidManifest.xml:25:13-67
108            android:authorities="com.haiku.vpn.androidx-startup"
108-->[androidx.emoji2:emoji2:1.3.0] AndroidManifest.xml:26:13-68
109            android:exported="false" >
109-->[androidx.emoji2:emoji2:1.3.0] AndroidManifest.xml:27:13-37
110            <meta-data
110-->[androidx.emoji2:emoji2:1.3.0] AndroidManifest.xml:29:13-31:52
111                android:name="androidx.emoji2.text.EmojiCompatInitializer"
111-->[androidx.emoji2:emoji2:1.3.0] AndroidManifest.xml:30:17-75
112                android:value="androidx.startup" />
112-->[androidx.emoji2:emoji2:1.3.0] AndroidManifest.xml:31:17-49
113            <meta-data
113-->[androidx.lifecycle:lifecycle-process:2.7.0] AndroidManifest.xml:29:13-31:52
114                android:name="androidx.lifecycle.ProcessLifecycleInitializer"
114-->[androidx.lifecycle:lifecycle-process:2.7.0] AndroidManifest.xml:30:17-78
115                android:value="androidx.startup" />
115-->[androidx.lifecycle:lifecycle-process:2.7.0] AndroidManifest.xml:31:17-49
116            <meta-data
116-->[androidx.profileinstaller:profileinstaller:1.3.0] AndroidManifest.xml:29:13-31:52
117                android:name="androidx.profileinstaller.ProfileInstallerInitializer"
117-->[androidx.profileinstaller:profileinstaller:1.3.0] AndroidManifest.xml:30:17-85
118                android:value="androidx.startup" />
118-->[androidx.profileinstaller:profileinstaller:1.3.0] AndroidManifest.xml:31:17-49
119        </provider>
120
121        <activity
121-->[androidx.compose.ui:ui-test-manifest:1.6.3] AndroidManifest.xml:23:9-25:39
122            android:name="androidx.activity.ComponentActivity"
122-->[androidx.compose.ui:ui-test-manifest:1.6.3] AndroidManifest.xml:24:13-63
123            android:exported="true" />
123-->[androidx.compose.ui:ui-test-manifest:1.6.3] AndroidManifest.xml:25:13-36
124
125        <receiver
125-->[androidx.profileinstaller:profileinstaller:1.3.0] AndroidManifest.xml:34:9-52:20
126            android:name="androidx.profileinstaller.ProfileInstallReceiver"
126-->[androidx.profileinstaller:profileinstaller:1.3.0] AndroidManifest.xml:35:13-76
127            android:directBootAware="false"
127-->[androidx.profileinstaller:profileinstaller:1.3.0] AndroidManifest.xml:36:13-44
128            android:enabled="true"
128-->[androidx.profileinstaller:profileinstaller:1.3.0] AndroidManifest.xml:37:13-35
129            android:exported="true"
129-->[androidx.profileinstaller:profileinstaller:1.3.0] AndroidManifest.xml:38:13-36
130            android:permission="android.permission.DUMP" >
130-->[androidx.profileinstaller:profileinstaller:1.3.0] AndroidManifest.xml:39:13-57
131            <intent-filter>
131-->[androidx.profileinstaller:profileinstaller:1.3.0] AndroidManifest.xml:40:13-42:29
132                <action android:name="androidx.profileinstaller.action.INSTALL_PROFILE" />
132-->[androidx.profileinstaller:profileinstaller:1.3.0] AndroidManifest.xml:41:17-91
132-->[androidx.profileinstaller:profileinstaller:1.3.0] AndroidManifest.xml:41:25-88
133            </intent-filter>
134            <intent-filter>
134-->[androidx.profileinstaller:profileinstaller:1.3.0] AndroidManifest.xml:43:13-45:29
135                <action android:name="androidx.profileinstaller.action.SKIP_FILE" />
135-->[androidx.profileinstaller:profileinstaller:1.3.0] AndroidManifest.xml:44:17-85
135-->[androidx.profileinstaller:profileinstaller:1.3.0] AndroidManifest.xml:44:25-82
136            </intent-filter>
137            <intent-filter>
137-->[androidx.profileinstaller:profileinstaller:1.3.0] AndroidManifest.xml:46:13-48:29
138                <action android:name="androidx.profileinstaller.action.SAVE_PROFILE" />
138-->[androidx.profileinstaller:profileinstaller:1.3.0] AndroidManifest.xml:47:17-88
138-->[androidx.profileinstaller:profileinstaller:1.3.0] AndroidManifest.xml:47:25-85
139            </intent-filter>
140            <intent-filter>
140-->[androidx.profileinstaller:profileinstaller:1.3.0] AndroidManifest.xml:49:13-51:29
141                <action android:name="androidx.profileinstaller.action.BENCHMARK_OPERATION" />
141-->[androidx.profileinstaller:profileinstaller:1.3.0] AndroidManifest.xml:50:17-95
141-->[androidx.profileinstaller:profileinstaller:1.3.0] AndroidManifest.xml:50:25-92
142            </intent-filter>
143        </receiver>
144
145        <service
145-->[com.google.android.datatransport:transport-backend-cct:2.3.3] AndroidManifest.xml:29:9-35:19
146            android:name="com.google.android.datatransport.runtime.backends.TransportBackendDiscovery"
146-->[com.google.android.datatransport:transport-backend-cct:2.3.3] AndroidManifest.xml:30:13-103
147            android:exported="false" >
147-->[com.google.android.datatransport:transport-backend-cct:2.3.3] AndroidManifest.xml:31:13-37
148            <meta-data
148-->[com.google.android.datatransport:transport-backend-cct:2.3.3] AndroidManifest.xml:32:13-34:39
149                android:name="backend:com.google.android.datatransport.cct.CctBackendFactory"
149-->[com.google.android.datatransport:transport-backend-cct:2.3.3] AndroidManifest.xml:33:17-94
150                android:value="cct" />
150-->[com.google.android.datatransport:transport-backend-cct:2.3.3] AndroidManifest.xml:34:17-36
151        </service>
152        <service
152-->[com.google.android.datatransport:transport-runtime:2.2.6] AndroidManifest.xml:26:9-30:19
153            android:name="com.google.android.datatransport.runtime.scheduling.jobscheduling.JobInfoSchedulerService"
153-->[com.google.android.datatransport:transport-runtime:2.2.6] AndroidManifest.xml:27:13-117
154            android:exported="false"
154-->[com.google.android.datatransport:transport-runtime:2.2.6] AndroidManifest.xml:28:13-37
155            android:permission="android.permission.BIND_JOB_SERVICE" >
155-->[com.google.android.datatransport:transport-runtime:2.2.6] AndroidManifest.xml:29:13-69
156        </service>
157
158        <receiver
158-->[com.google.android.datatransport:transport-runtime:2.2.6] AndroidManifest.xml:32:9-34:40
159            android:name="com.google.android.datatransport.runtime.scheduling.jobscheduling.AlarmManagerSchedulerBroadcastReceiver"
159-->[com.google.android.datatransport:transport-runtime:2.2.6] AndroidManifest.xml:33:13-132
160            android:exported="false" />
160-->[com.google.android.datatransport:transport-runtime:2.2.6] AndroidManifest.xml:34:13-37
161    </application>
162
163</manifest>